<?xml version="1.0" encoding="UTF-8"?>
<!-- Generated by org.testng.reporters.JUnitXMLReporter -->
<testsuite hostname="kanishk3164908" ignored="0" name="Test" tests="5" failures="0" timestamp="28 Jun 2021 09:30:14 GMT" time="51.872" errors="0">
  <testcase name="whenUserClicksOnCorporatePlus" time="4.976" classname="tests.RPoolFunctionalityTest"/>
  <testcase name="whenUserClicksOnCustomerReview" time="5.217" classname="tests.RPoolFunctionalityTest"/>
  <testcase name="whenUserClicksOn_FAQ" time="4.305" classname="tests.RPoolFunctionalityTest"/>
  <testcase name="whenUserClicksOn_Rpool_for_rwa" time="4.524" classname="tests.RPoolFunctionalityTest"/>
  <testcase name="whenUserClicksOn_What_is_rPool" time="5.792" classname="tests.RPoolFunctionalityTest"/>
</testsuite> <!-- Test -->
