<?xml version="1.0" encoding="UTF-8"?>
<!-- Generated by org.testng.reporters.JUnitXMLReporter -->
<testsuite hostname="kanishk3164908" ignored="0" name="Test1" tests="4" failures="0" timestamp="28 Jun 2021 09:31:49 GMT" time="94.808" errors="0">
  <testcase name="WhenuserClicks_Covid19_travel_Advisory" time="12.475" classname="tests.HelpPageTest"/>
  <testcase name="WhenuserClicks_New_Bus_booking_help" time="11.679" classname="tests.HelpPageTest"/>
  <testcase name="WhenuserClicks_Technical_Issue_Option" time="8.624" classname="tests.HelpPageTest"/>
  <testcase name="WhenuserClicks_safety_Feature" time="9.249" classname="tests.HelpPageTest"/>
</testsuite> <!-- Test1 -->
