<?xml version="1.0" encoding="UTF-8"?>
<!-- Generated by org.testng.reporters.JUnitXMLReporter -->
<testsuite hostname="kanishk3164908" ignored="3" name="Default test" tests="1" failures="0" timestamp="05 Jul 2021 12:17:10 GMT" time="18.902" errors="0">
  <testcase name="WhenuserClicks_safety_Feature" time="9.867" classname="tests.HelpPageTest"/>
  <testcase name="WhenuserClicks_Covid19_travel_Advisory" time="0.0" classname="tests.HelpPageTest">
    <ignored/>
  </testcase> <!-- WhenuserClicks_Covid19_travel_Advisory -->
  <testcase name="WhenuserClicks_Technical_Issue_Option" time="0.0" classname="tests.HelpPageTest">
    <ignored/>
  </testcase> <!-- WhenuserClicks_Technical_Issue_Option -->
  <testcase name="WhenuserClicks_New_Bus_booking_help" time="0.0" classname="tests.HelpPageTest">
    <ignored/>
  </testcase> <!-- WhenuserClicks_New_Bus_booking_help -->
</testsuite> <!-- Default test -->
