<?xml version="1.0" encoding="UTF-8"?>
<!-- Generated by org.testng.reporters.JUnitXMLReporter -->
<testsuite ignored="6" hostname="kanishk3164908" failures="0" tests="1" name="Default test" time="29.269" errors="0" timestamp="25 Jun 2021 10:32:11 GMT">
  <testcase classname="tests.BusHirePageTest" name="whenUserDoesNotEnterToLocationForOutstation" time="22.55"/>
  <testcase classname="tests.BusHirePageTest" name="whenUserEntersPassengerNumberGreaterThan60ForOutstation" time="0.0">
    <ignored/>
  </testcase> <!-- whenUserEntersPassengerNumberGreaterThan60ForOutstation -->
  <testcase classname="tests.BusHirePageTest" name="whenUserDoesNotEnterFromDateAndTimeForOutstation" time="0.0">
    <ignored/>
  </testcase> <!-- whenUserDoesNotEnterFromDateAndTimeForOutstation -->
  <testcase classname="tests.BusHirePageTest" name="whenUserDoesNotEnterFromLocationForOutstation" time="0.0">
    <ignored/>
  </testcase> <!-- whenUserDoesNotEnterFromLocationForOutstation -->
  <testcase classname="tests.BusHirePageTest" name="whenUserClickedOnLocalMenu" time="0.0">
    <ignored/>
  </testcase> <!-- whenUserClickedOnLocalMenu -->
  <testcase classname="tests.BusHirePageTest" name="whenUserEntersValidInformationForOutstation" time="0.0">
    <ignored/>
  </testcase> <!-- whenUserEntersValidInformationForOutstation -->
  <testcase classname="tests.BusHirePageTest" name="whenUserClickedOnAirportMenu" time="0.0">
    <ignored/>
  </testcase> <!-- whenUserClickedOnAirportMenu -->
</testsuite> <!-- Default test -->
