<?xml version="1.0" encoding="UTF-8"?>
<testng-results skipped="0" failed="0" ignored="3" total="4" passed="1">
  <reporter-output>
  </reporter-output>
  <suite name="Default suite" duration-ms="18902" started-at="2021-07-05T12:16:51Z" finished-at="2021-07-05T12:17:10Z">
    <groups>
    </groups>
    <test name="Default test" duration-ms="18902" started-at="2021-07-05T12:16:51Z" finished-at="2021-07-05T12:17:10Z">
      <class name="tests.HelpPageTest">
        <test-method status="PASS" signature="setExtent()[pri:0, instance:tests.HelpPageTest@7098b907]" name="setExtent" is-config="true" duration-ms="217" started-at="2021-07-05T17:46:50Z" finished-at="2021-07-05T17:46:51Z">
          <reporter-output>
          </reporter-output>
        </test-method> <!-- setExtent -->
        <test-method status="PASS" signature="initializeBrowser()[pri:0, instance:tests.HelpPageTest@7098b907]" name="initializeBrowser" is-config="true" duration-ms="2129" started-at="2021-07-05T17:46:51Z" finished-at="2021-07-05T17:46:53Z">
          <reporter-output>
          </reporter-output>
        </test-method> <!-- initializeBrowser -->
        <test-method status="PASS" signature="setUp()[pri:0, instance:tests.HelpPageTest@7098b907]" name="setUp" is-config="true" duration-ms="6020" started-at="2021-07-05T17:46:53Z" depends-on-methods="tests.BaseTest.initializeBrowser" finished-at="2021-07-05T17:46:59Z">
          <reporter-output>
          </reporter-output>
        </test-method> <!-- setUp -->
        <test-method status="PASS" signature="WhenuserClicks_safety_Feature()[pri:0, instance:tests.HelpPageTest@7098b907]" name="WhenuserClicks_safety_Feature" duration-ms="9867" started-at="2021-07-05T17:46:59Z" finished-at="2021-07-05T17:47:09Z">
          <reporter-output>
          </reporter-output>
        </test-method> <!-- WhenuserClicks_safety_Feature -->
        <test-method status="PASS" signature="attachScreenshots(org.testng.ITestResult)[pri:0, instance:tests.HelpPageTest@7098b907]" name="attachScreenshots" is-config="true" duration-ms="8" started-at="2021-07-05T17:47:09Z" finished-at="2021-07-05T17:47:09Z">
          <params>
            <param index="0">
              <value>
                <![CDATA[[TestResult name=WhenuserClicks_safety_Feature status=SUCCESS method=HelpPageTest.WhenuserClicks_safety_Feature()[pri:0, instance:tests.HelpPageTest@7098b907] output={null}]]]>
              </value>
            </param>
          </params>
          <reporter-output>
          </reporter-output>
        </test-method> <!-- attachScreenshots -->
        <test-method status="PASS" signature="closeBrowser()[pri:0, instance:tests.HelpPageTest@7098b907]" name="closeBrowser" is-config="true" duration-ms="847" started-at="2021-07-05T17:47:09Z" finished-at="2021-07-05T17:47:10Z">
          <reporter-output>
          </reporter-output>
        </test-method> <!-- closeBrowser -->
        <test-method status="PASS" signature="endReport()[pri:0, instance:tests.HelpPageTest@7098b907]" name="endReport" is-config="true" duration-ms="470" started-at="2021-07-05T17:47:10Z" finished-at="2021-07-05T17:47:10Z">
          <reporter-output>
          </reporter-output>
        </test-method> <!-- endReport -->
      </class> <!-- tests.HelpPageTest -->
    </test> <!-- Default test -->
  </suite> <!-- Default suite -->
</testng-results>
